<?xml version="1.0" encoding="UTF-8"?>
<Site BuildName="Win32-mingw32-make"
	BuildStamp="20240905-0514-Experimental"
	Name="ARPIT"
	Generator="ctest-3.30.3"
	CompilerName="D:/mingw/mingw64/bin/g++.exe"
	CompilerVersion="13.2.0"
	OSName="Windows"
	Hostname="ARPIT"
	OSRelease=" Personal"
	OSVersion=" (Build 22635)"
	OSPlatform="AMD64"
	Is64Bits="1"
	VendorString="GenuineIntel"
	VendorID="Intel Corporation"
	FamilyID="6"
	ModelID="12"
	ProcessorCacheSize="-1"
	NumberOfLogicalCPU="8"
	NumberOfPhysicalCPU="4"
	TotalVirtualMemory="32510"
	TotalPhysicalMemory="16126"
	LogicalProcessorsPerPhysical="2"
	ProcessorClockFrequency="2995"
	>
	<Testing>
		<StartDateTime>Sep 05 11:33 India Standard Time</StartDateTime>
		<StartTestTime>1725516222</StartTestTime>
		<TestList/>
		<EndDateTime>Sep 05 11:33 India Standard Time</EndDateTime>
		<EndTestTime>1725516222</EndTestTime>
		<ElapsedMinutes>0</ElapsedMinutes>
	</Testing>
</Site>
